01-25-2018 @ 16:56:05 - Weight and cubage of the order: Array
(
    [weight] => 0
    [height] => 2
    [width] => 11
    [length] => 16
)

01-25-2018 @ 16:56:05 - Requesting Correios WebServices: http://ws.correios.com.br/calculador/CalcPrecoPrazo.aspx?nCdServico=04510&nCdEmpresa&sDsSenha&sCepDestino=65922000&sCepOrigem=65922000&nVlAltura=2&nVlLargura=11&nVlDiametro=0&nVlComprimento=16&nVlPeso=0&nCdFormato=1&sCdMaoPropria=N&nVlValorDeclarado=0&sCdAvisoRecebimento=N&StrRetorno=xml
01-25-2018 @ 16:56:06 - Correios WebServices response: SimpleXMLElement Object
(
    [cServico] => SimpleXMLElement Object
        (
            [Codigo] => 04510
            [Valor] => 16,10
            [PrazoEntrega] => 5
            [ValorSemAdicionais] => 16,10
            [ValorMaoPropria] => 0,00
            [ValorAvisoRecebimento] => 0,00
            [ValorValorDeclarado] => 0,00
            [EntregaDomiciliar] => S
            [EntregaSabado] => N
            [Erro] => 0
            [MsgErro] => SimpleXMLElement Object
                (
                )

            [obsFim] => SimpleXMLElement Object
                (
                )

        )

)

01-25-2018 @ 16:59:28 - Weight and cubage of the order: Array
(
    [weight] => 0
    [height] => 2
    [width] => 11
    [length] => 16
)

01-25-2018 @ 16:59:28 - Weight and cubage of the order: Array
(
    [weight] => 0
    [height] => 2
    [width] => 11
    [length] => 16
)

01-25-2018 @ 16:59:28 - Requesting Correios WebServices: http://ws.correios.com.br/calculador/CalcPrecoPrazo.aspx?nCdServico=04510&nCdEmpresa&sDsSenha&sCepDestino=65922000&sCepOrigem=65922000&nVlAltura=2&nVlLargura=11&nVlDiametro=0&nVlComprimento=16&nVlPeso=0&nCdFormato=1&sCdMaoPropria=N&nVlValorDeclarado=0&sCdAvisoRecebimento=N&StrRetorno=xml
01-25-2018 @ 16:59:29 - Correios WebServices response: SimpleXMLElement Object
(
    [cServico] => SimpleXMLElement Object
        (
            [Codigo] => 04510
            [Valor] => 16,10
            [PrazoEntrega] => 5
            [ValorSemAdicionais] => 16,10
            [ValorMaoPropria] => 0,00
            [ValorAvisoRecebimento] => 0,00
            [ValorValorDeclarado] => 0,00
            [EntregaDomiciliar] => S
            [EntregaSabado] => N
            [Erro] => 0
            [MsgErro] => SimpleXMLElement Object
                (
                )

            [obsFim] => SimpleXMLElement Object
                (
                )

        )

)

01-25-2018 @ 16:59:29 - Correios WebServices response: SimpleXMLElement Object
(
    [cServico] => SimpleXMLElement Object
        (
            [Codigo] => 04510
            [Valor] => 16,10
            [PrazoEntrega] => 5
            [ValorSemAdicionais] => 16,10
            [ValorMaoPropria] => 0,00
            [ValorAvisoRecebimento] => 0,00
            [ValorValorDeclarado] => 0,00
            [EntregaDomiciliar] => S
            [EntregaSabado] => N
            [Erro] => 0
            [MsgErro] => SimpleXMLElement Object
                (
                )

            [obsFim] => SimpleXMLElement Object
                (
                )

        )

)

01-25-2018 @ 17:00:41 - Weight and cubage of the order: Array
(
    [weight] => 0
    [height] => 2
    [width] => 11
    [length] => 16
)

01-25-2018 @ 17:00:41 - Requesting Correios WebServices: http://ws.correios.com.br/calculador/CalcPrecoPrazo.aspx?nCdServico=04510&nCdEmpresa&sDsSenha&sCepDestino=65922000&sCepOrigem=65922000&nVlAltura=2&nVlLargura=11&nVlDiametro=0&nVlComprimento=16&nVlPeso=0&nCdFormato=1&sCdMaoPropria=N&nVlValorDeclarado=0&sCdAvisoRecebimento=N&StrRetorno=xml
01-25-2018 @ 17:00:42 - Correios WebServices response: SimpleXMLElement Object
(
    [cServico] => SimpleXMLElement Object
        (
            [Codigo] => 04510
            [Valor] => 16,10
            [PrazoEntrega] => 5
            [ValorSemAdicionais] => 16,10
            [ValorMaoPropria] => 0,00
            [ValorAvisoRecebimento] => 0,00
            [ValorValorDeclarado] => 0,00
            [EntregaDomiciliar] => S
            [EntregaSabado] => N
            [Erro] => 0
            [MsgErro] => SimpleXMLElement Object
                (
                )

            [obsFim] => SimpleXMLElement Object
                (
                )

        )

)

01-25-2018 @ 17:01:44 - Weight and cubage of the order: Array
(
    [weight] => 0
    [height] => 2
    [width] => 11
    [length] => 16
)

01-25-2018 @ 17:01:44 - Requesting Correios WebServices: http://ws.correios.com.br/calculador/CalcPrecoPrazo.aspx?nCdServico=04510&nCdEmpresa&sDsSenha&sCepDestino=01505010&sCepOrigem=65922000&nVlAltura=2&nVlLargura=11&nVlDiametro=0&nVlComprimento=16&nVlPeso=0&nCdFormato=1&sCdMaoPropria=N&nVlValorDeclarado=0&sCdAvisoRecebimento=N&StrRetorno=xml
01-25-2018 @ 17:01:44 - Correios WebServices response: SimpleXMLElement Object
(
    [cServico] => SimpleXMLElement Object
        (
            [Codigo] => 04510
            [Valor] => 46,50
            [PrazoEntrega] => 10
            [ValorSemAdicionais] => 46,50
            [ValorMaoPropria] => 0,00
            [ValorAvisoRecebimento] => 0,00
            [ValorValorDeclarado] => 0,00
            [EntregaDomiciliar] => S
            [EntregaSabado] => N
            [Erro] => 0
            [MsgErro] => SimpleXMLElement Object
                (
                )

            [obsFim] => SimpleXMLElement Object
                (
                )

        )

)

01-25-2018 @ 17:02:18 - Weight and cubage of the order: Array
(
    [weight] => 0
    [height] => 2
    [width] => 11
    [length] => 16
)

01-25-2018 @ 17:02:18 - Requesting Correios WebServices: http://ws.correios.com.br/calculador/CalcPrecoPrazo.aspx?nCdServico=04510&nCdEmpresa&sDsSenha&sCepDestino=01505010&sCepOrigem=65922000&nVlAltura=2&nVlLargura=11&nVlDiametro=0&nVlComprimento=16&nVlPeso=0&nCdFormato=1&sCdMaoPropria=N&nVlValorDeclarado=0&sCdAvisoRecebimento=N&StrRetorno=xml
01-25-2018 @ 17:02:19 - Correios WebServices response: SimpleXMLElement Object
(
    [cServico] => SimpleXMLElement Object
        (
            [Codigo] => 04510
            [Valor] => 46,50
            [PrazoEntrega] => 10
            [ValorSemAdicionais] => 46,50
            [ValorMaoPropria] => 0,00
            [ValorAvisoRecebimento] => 0,00
            [ValorValorDeclarado] => 0,00
            [EntregaDomiciliar] => S
            [EntregaSabado] => N
            [Erro] => 0
            [MsgErro] => SimpleXMLElement Object
                (
                )

            [obsFim] => SimpleXMLElement Object
                (
                )

        )

)

01-25-2018 @ 17:08:37 - Weight and cubage of the order: Array
(
    [weight] => 0
    [height] => 2
    [width] => 11
    [length] => 16
)

01-25-2018 @ 17:08:37 - Requesting Correios WebServices: http://ws.correios.com.br/calculador/CalcPrecoPrazo.aspx?nCdServico=04510&nCdEmpresa&sDsSenha&sCepDestino=01505010&sCepOrigem=65922000&nVlAltura=2&nVlLargura=11&nVlDiametro=0&nVlComprimento=16&nVlPeso=0&nCdFormato=1&sCdMaoPropria=N&nVlValorDeclarado=0&sCdAvisoRecebimento=N&StrRetorno=xml
01-25-2018 @ 17:08:38 - Correios WebServices response: SimpleXMLElement Object
(
    [cServico] => SimpleXMLElement Object
        (
            [Codigo] => 04510
            [Valor] => 46,50
            [PrazoEntrega] => 10
            [ValorSemAdicionais] => 46,50
            [ValorMaoPropria] => 0,00
            [ValorAvisoRecebimento] => 0,00
            [ValorValorDeclarado] => 0,00
            [EntregaDomiciliar] => S
            [EntregaSabado] => N
            [Erro] => 0
            [MsgErro] => SimpleXMLElement Object
                (
                )

            [obsFim] => SimpleXMLElement Object
                (
                )

        )

)

01-25-2018 @ 17:09:08 - Weight and cubage of the order: Array
(
    [weight] => 0
    [height] => 2
    [width] => 11
    [length] => 16
)

01-25-2018 @ 17:09:08 - Requesting Correios WebServices: http://ws.correios.com.br/calculador/CalcPrecoPrazo.aspx?nCdServico=04510&nCdEmpresa&sDsSenha&sCepDestino=01505010&sCepOrigem=65922000&nVlAltura=2&nVlLargura=11&nVlDiametro=0&nVlComprimento=16&nVlPeso=0&nCdFormato=1&sCdMaoPropria=N&nVlValorDeclarado=0&sCdAvisoRecebimento=N&StrRetorno=xml
01-25-2018 @ 17:09:09 - Correios WebServices response: SimpleXMLElement Object
(
    [cServico] => SimpleXMLElement Object
        (
            [Codigo] => 04510
            [Valor] => 46,50
            [PrazoEntrega] => 10
            [ValorSemAdicionais] => 46,50
            [ValorMaoPropria] => 0,00
            [ValorAvisoRecebimento] => 0,00
            [ValorValorDeclarado] => 0,00
            [EntregaDomiciliar] => S
            [EntregaSabado] => N
            [Erro] => 0
            [MsgErro] => SimpleXMLElement Object
                (
                )

            [obsFim] => SimpleXMLElement Object
                (
                )

        )

)

01-25-2018 @ 17:09:09 - Weight and cubage of the order: Array
(
    [weight] => 0
    [height] => 2
    [width] => 11
    [length] => 16
)

01-25-2018 @ 17:09:09 - Requesting Correios WebServices: http://ws.correios.com.br/calculador/CalcPrecoPrazo.aspx?nCdServico=04510&nCdEmpresa&sDsSenha&sCepDestino=01505010&sCepOrigem=65922000&nVlAltura=2&nVlLargura=11&nVlDiametro=0&nVlComprimento=16&nVlPeso=0&nCdFormato=1&sCdMaoPropria=N&nVlValorDeclarado=0&sCdAvisoRecebimento=N&StrRetorno=xml
01-25-2018 @ 17:09:09 - Correios WebServices response: SimpleXMLElement Object
(
    [cServico] => SimpleXMLElement Object
        (
            [Codigo] => 04510
            [Valor] => 46,50
            [PrazoEntrega] => 10
            [ValorSemAdicionais] => 46,50
            [ValorMaoPropria] => 0,00
            [ValorAvisoRecebimento] => 0,00
            [ValorValorDeclarado] => 0,00
            [EntregaDomiciliar] => S
            [EntregaSabado] => N
            [Erro] => 0
            [MsgErro] => SimpleXMLElement Object
                (
                )

            [obsFim] => SimpleXMLElement Object
                (
                )

        )

)

01-25-2018 @ 17:10:12 - Weight and cubage of the order: Array
(
    [weight] => 0
    [height] => 2
    [width] => 11
    [length] => 16
)

01-25-2018 @ 17:10:12 - Requesting Correios WebServices: http://ws.correios.com.br/calculador/CalcPrecoPrazo.aspx?nCdServico=04510&nCdEmpresa&sDsSenha&sCepDestino=01505010&sCepOrigem=65922000&nVlAltura=2&nVlLargura=11&nVlDiametro=0&nVlComprimento=16&nVlPeso=0&nCdFormato=1&sCdMaoPropria=N&nVlValorDeclarado=0&sCdAvisoRecebimento=N&StrRetorno=xml
01-25-2018 @ 17:10:13 - Correios WebServices response: SimpleXMLElement Object
(
    [cServico] => SimpleXMLElement Object
        (
            [Codigo] => 04510
            [Valor] => 46,50
            [PrazoEntrega] => 10
            [ValorSemAdicionais] => 46,50
            [ValorMaoPropria] => 0,00
            [ValorAvisoRecebimento] => 0,00
            [ValorValorDeclarado] => 0,00
            [EntregaDomiciliar] => S
            [EntregaSabado] => N
            [Erro] => 0
            [MsgErro] => SimpleXMLElement Object
                (
                )

            [obsFim] => SimpleXMLElement Object
                (
                )

        )

)

01-26-2018 @ 11:42:02 - Weight and cubage of the order: Array
(
    [weight] => 0
    [height] => 2
    [width] => 11
    [length] => 16
)

01-26-2018 @ 11:42:02 - Requesting Correios WebServices: http://ws.correios.com.br/calculador/CalcPrecoPrazo.aspx?nCdServico=04510&nCdEmpresa&sDsSenha&sCepDestino=65922000&sCepOrigem=65922000&nVlAltura=2&nVlLargura=11&nVlDiametro=0&nVlComprimento=16&nVlPeso=0&nCdFormato=1&sCdMaoPropria=N&nVlValorDeclarado=54&sCdAvisoRecebimento=N&StrRetorno=xml
01-26-2018 @ 11:42:03 - Correios WebServices response: SimpleXMLElement Object
(
    [cServico] => SimpleXMLElement Object
        (
            [Codigo] => 04510
            [Valor] => 16,16
            [PrazoEntrega] => 5
            [ValorSemAdicionais] => 16,10
            [ValorMaoPropria] => 0,00
            [ValorAvisoRecebimento] => 0,00
            [ValorValorDeclarado] => 0,06
            [EntregaDomiciliar] => S
            [EntregaSabado] => N
            [Erro] => 0
            [MsgErro] => SimpleXMLElement Object
                (
                )

            [obsFim] => SimpleXMLElement Object
                (
                )

        )

)

01-28-2018 @ 21:44:37 - Weight and cubage of the order: Array
(
    [weight] => 0
    [height] => 2
    [width] => 11
    [length] => 16
)

01-28-2018 @ 21:44:37 - Requesting Correios WebServices: http://ws.correios.com.br/calculador/CalcPrecoPrazo.aspx?nCdServico=04510&nCdEmpresa&sDsSenha&sCepDestino=65922000&sCepOrigem=65922000&nVlAltura=2&nVlLargura=11&nVlDiametro=0&nVlComprimento=16&nVlPeso=0&nCdFormato=1&sCdMaoPropria=N&nVlValorDeclarado=54&sCdAvisoRecebimento=N&StrRetorno=xml
01-28-2018 @ 21:44:41 - Correios WebServices response: SimpleXMLElement Object
(
    [cServico] => SimpleXMLElement Object
        (
            [Codigo] => 04510
            [Valor] => 16,16
            [PrazoEntrega] => 5
            [ValorSemAdicionais] => 16,10
            [ValorMaoPropria] => 0,00
            [ValorAvisoRecebimento] => 0,00
            [ValorValorDeclarado] => 0,06
            [EntregaDomiciliar] => S
            [EntregaSabado] => N
            [Erro] => 0
            [MsgErro] => SimpleXMLElement Object
                (
                )

            [obsFim] => SimpleXMLElement Object
                (
                )

        )

)

01-29-2018 @ 01:35:49 - Weight and cubage of the order: Array
(
    [weight] => 0
    [height] => 2
    [width] => 11
    [length] => 16
)

01-29-2018 @ 01:35:49 - Requesting Correios WebServices: http://ws.correios.com.br/calculador/CalcPrecoPrazo.aspx?nCdServico=04510&nCdEmpresa&sDsSenha&sCepDestino=65922000&sCepOrigem=65922000&nVlAltura=2&nVlLargura=11&nVlDiametro=0&nVlComprimento=16&nVlPeso=0&nCdFormato=1&sCdMaoPropria=N&nVlValorDeclarado=27&sCdAvisoRecebimento=N&StrRetorno=xml
01-29-2018 @ 01:35:49 - Correios WebServices response: SimpleXMLElement Object
(
    [cServico] => SimpleXMLElement Object
        (
            [Codigo] => 04510
            [Valor] => 16,10
            [PrazoEntrega] => 5
            [ValorSemAdicionais] => 16,10
            [ValorMaoPropria] => 0,00
            [ValorAvisoRecebimento] => 0,00
            [ValorValorDeclarado] => 0,00
            [EntregaDomiciliar] => S
            [EntregaSabado] => N
            [Erro] => 0
            [MsgErro] => SimpleXMLElement Object
                (
                )

            [obsFim] => SimpleXMLElement Object
                (
                )

        )

)

01-29-2018 @ 02:32:14 - Weight and cubage of the order: Array
(
    [weight] => 0
    [height] => 2
    [width] => 11
    [length] => 16
)

01-29-2018 @ 02:32:14 - Requesting Correios WebServices: http://ws.correios.com.br/calculador/CalcPrecoPrazo.aspx?nCdServico=04510&nCdEmpresa&sDsSenha&sCepDestino=65922000&sCepOrigem=65922000&nVlAltura=2&nVlLargura=11&nVlDiametro=0&nVlComprimento=16&nVlPeso=0&nCdFormato=1&sCdMaoPropria=N&nVlValorDeclarado=0&sCdAvisoRecebimento=N&StrRetorno=xml
01-29-2018 @ 02:32:14 - Correios WebServices response: SimpleXMLElement Object
(
    [cServico] => SimpleXMLElement Object
        (
            [Codigo] => 04510
            [Valor] => 16,10
            [PrazoEntrega] => 5
            [ValorSemAdicionais] => 16,10
            [ValorMaoPropria] => 0,00
            [ValorAvisoRecebimento] => 0,00
            [ValorValorDeclarado] => 0,00
            [EntregaDomiciliar] => S
            [EntregaSabado] => N
            [Erro] => 0
            [MsgErro] => SimpleXMLElement Object
                (
                )

            [obsFim] => SimpleXMLElement Object
                (
                )

        )

)

01-29-2018 @ 12:17:36 - Weight and cubage of the order: Array
(
    [weight] => 0
    [height] => 2
    [width] => 11
    [length] => 16
)

01-29-2018 @ 12:17:36 - Requesting Correios WebServices: http://ws.correios.com.br/calculador/CalcPrecoPrazo.aspx?nCdServico=04510&nCdEmpresa&sDsSenha&sCepDestino=65922000&sCepOrigem=65922000&nVlAltura=2&nVlLargura=11&nVlDiametro=0&nVlComprimento=16&nVlPeso=0&nCdFormato=1&sCdMaoPropria=N&nVlValorDeclarado=0&sCdAvisoRecebimento=N&StrRetorno=xml
01-29-2018 @ 12:17:38 - Correios WebServices response: SimpleXMLElement Object
(
    [cServico] => SimpleXMLElement Object
        (
            [Codigo] => 04510
            [Valor] => 16,10
            [PrazoEntrega] => 5
            [ValorSemAdicionais] => 16,10
            [ValorMaoPropria] => 0,00
            [ValorAvisoRecebimento] => 0,00
            [ValorValorDeclarado] => 0,00
            [EntregaDomiciliar] => S
            [EntregaSabado] => N
            [Erro] => 0
            [MsgErro] => SimpleXMLElement Object
                (
                )

            [obsFim] => SimpleXMLElement Object
                (
                )

        )

)

01-29-2018 @ 12:17:40 - Weight and cubage of the order: Array
(
    [weight] => 0
    [height] => 2
    [width] => 11
    [length] => 16
)

01-29-2018 @ 12:17:40 - Requesting Correios WebServices: http://ws.correios.com.br/calculador/CalcPrecoPrazo.aspx?nCdServico=04510&nCdEmpresa&sDsSenha&sCepDestino=65922000&sCepOrigem=65922000&nVlAltura=2&nVlLargura=11&nVlDiametro=0&nVlComprimento=16&nVlPeso=0&nCdFormato=1&sCdMaoPropria=N&nVlValorDeclarado=27&sCdAvisoRecebimento=N&StrRetorno=xml
01-29-2018 @ 12:17:42 - Correios WebServices response: SimpleXMLElement Object
(
    [cServico] => SimpleXMLElement Object
        (
            [Codigo] => 04510
            [Valor] => 16,10
            [PrazoEntrega] => 5
            [ValorSemAdicionais] => 16,10
            [ValorMaoPropria] => 0,00
            [ValorAvisoRecebimento] => 0,00
            [ValorValorDeclarado] => 0,00
            [EntregaDomiciliar] => S
            [EntregaSabado] => N
            [Erro] => 0
            [MsgErro] => SimpleXMLElement Object
                (
                )

            [obsFim] => SimpleXMLElement Object
                (
                )

        )

)

01-29-2018 @ 12:50:53 - Weight and cubage of the order: Array
(
    [weight] => 0
    [height] => 2
    [width] => 11
    [length] => 16
)

01-29-2018 @ 12:50:53 - Requesting Correios WebServices: http://ws.correios.com.br/calculador/CalcPrecoPrazo.aspx?nCdServico=04510&nCdEmpresa&sDsSenha&sCepDestino=65922000&sCepOrigem=65922000&nVlAltura=2&nVlLargura=11&nVlDiametro=0&nVlComprimento=16&nVlPeso=0&nCdFormato=1&sCdMaoPropria=N&nVlValorDeclarado=0&sCdAvisoRecebimento=N&StrRetorno=xml
01-29-2018 @ 12:50:54 - Correios WebServices response: SimpleXMLElement Object
(
    [cServico] => SimpleXMLElement Object
        (
            [Codigo] => 04510
            [Valor] => 16,10
            [PrazoEntrega] => 5
            [ValorSemAdicionais] => 16,10
            [ValorMaoPropria] => 0,00
            [ValorAvisoRecebimento] => 0,00
            [ValorValorDeclarado] => 0,00
            [EntregaDomiciliar] => S
            [EntregaSabado] => N
            [Erro] => 0
            [MsgErro] => SimpleXMLElement Object
                (
                )

            [obsFim] => SimpleXMLElement Object
                (
                )

        )

)

